action: GLOB, msg: packaging
cwd: D:\algo\algorithm-library-api
cmd: 'c:\users\cheng.tan\anaconda3\python.exe' setup.py sdist --formats=zip --dist-dir '.tox\dist'
running sdist
running egg_info
writing sample.egg-info\PKG-INFO
writing dependency_links to sample.egg-info\dependency_links.txt
writing top-level names to sample.egg-info\top_level.txt
reading manifest file 'sample.egg-info\SOURCES.txt'
writing manifest file 'sample.egg-info\SOURCES.txt'
running check
warning: check: missing required meta-data: url

warning: check: missing meta-data: if 'author' supplied, 'author_email' must be supplied too

creating sample-0.1.0
creating sample-0.1.0\app
creating sample-0.1.0\app\api
creating sample-0.1.0\app\api\api_v1
creating sample-0.1.0\app\api\api_v1\endpoints
creating sample-0.1.0\app\api\security
creating sample-0.1.0\app\db
creating sample-0.1.0\app\libs
creating sample-0.1.0\app\libs\action_localization
creating sample-0.1.0\app\libs\action_localization\spatio_temporal_pytorch
creating sample-0.1.0\app\libs\detection_tracking
creating sample-0.1.0\app\libs\utils
creating sample-0.1.0\app\schemas
creating sample-0.1.0\operationss
creating sample-0.1.0\sample.egg-info
copying files to sample-0.1.0...
copying README.md -> sample-0.1.0
copying setup.py -> sample-0.1.0
copying app\__init__.py -> sample-0.1.0\app
copying app\main.py -> sample-0.1.0\app
copying app\api\__init__.py -> sample-0.1.0\app\api
copying app\api\deps.py -> sample-0.1.0\app\api
copying app\api\api_v1\__init__.py -> sample-0.1.0\app\api\api_v1
copying app\api\api_v1\api.py -> sample-0.1.0\app\api\api_v1
copying app\api\api_v1\endpoints\__init__.py -> sample-0.1.0\app\api\api_v1\endpoints
copying app\api\api_v1\endpoints\c3d_endpoints.py -> sample-0.1.0\app\api\api_v1\endpoints
copying app\api\api_v1\endpoints\deepsort_endpoints.py -> sample-0.1.0\app\api\api_v1\endpoints
copying app\api\api_v1\endpoints\denseNet_XGBoost_endpoint.py -> sample-0.1.0\app\api\api_v1\endpoints
copying app\api\api_v1\endpoints\rolling_average_endpoint.py -> sample-0.1.0\app\api\api_v1\endpoints
copying app\api\api_v1\endpoints\spatio_temporal_endpoint.py -> sample-0.1.0\app\api\api_v1\endpoints
copying app\api\api_v1\endpoints\two_stream_endpoints.py -> sample-0.1.0\app\api\api_v1\endpoints
copying app\api\api_v1\endpoints\yolov5_endpoints.py -> sample-0.1.0\app\api\api_v1\endpoints
copying app\api\security\__init__.py -> sample-0.1.0\app\api\security
copying app\api\security\_security_secret.py -> sample-0.1.0\app\api\security
copying app\api\security\_sqlite_access.py -> sample-0.1.0\app\api\security
copying app\api\security\management_endpoints.py -> sample-0.1.0\app\api\security
copying app\api\security\security_api_key.py -> sample-0.1.0\app\api\security
copying app\db\__init__.py -> sample-0.1.0\app\db
copying app\db\base.py -> sample-0.1.0\app\db
copying app\db\base_class.py -> sample-0.1.0\app\db
copying app\db\init_db.py -> sample-0.1.0\app\db
copying app\db\session.py -> sample-0.1.0\app\db
copying app\libs\__init__.py -> sample-0.1.0\app\libs
copying app\libs\action_localization\__init__.py -> sample-0.1.0\app\libs\action_localization
copying app\libs\action_localization\c3d.py -> sample-0.1.0\app\libs\action_localization
copying app\libs\action_localization\denseNet_XGBoost.py -> sample-0.1.0\app\libs\action_localization
copying app\libs\action_localization\rolling_average.py -> sample-0.1.0\app\libs\action_localization
copying app\libs\action_localization\two_stream.py -> sample-0.1.0\app\libs\action_localization
copying app\libs\action_localization\spatio_temporal_pytorch\__init__.py -> sample-0.1.0\app\libs\action_localization\spatio_temporal_pytorch
copying app\libs\action_localization\spatio_temporal_pytorch\spatio_temporal.py -> sample-0.1.0\app\libs\action_localization\spatio_temporal_pytorch
copying app\libs\detection_tracking\__init__.py -> sample-0.1.0\app\libs\detection_tracking
copying app\libs\utils\__init__.py -> sample-0.1.0\app\libs\utils
copying app\libs\utils\general.py -> sample-0.1.0\app\libs\utils
copying app\schemas\__init__.py -> sample-0.1.0\app\schemas
copying app\schemas\usage_logs.py -> sample-0.1.0\app\schemas
copying app\schemas\yolov5.py -> sample-0.1.0\app\schemas
copying operationss\__init__.py -> sample-0.1.0\operationss
copying operationss\operations.py -> sample-0.1.0\operationss
copying sample.egg-info\PKG-INFO -> sample-0.1.0\sample.egg-info
copying sample.egg-info\SOURCES.txt -> sample-0.1.0\sample.egg-info
copying sample.egg-info\dependency_links.txt -> sample-0.1.0\sample.egg-info
copying sample.egg-info\top_level.txt -> sample-0.1.0\sample.egg-info
Writing sample-0.1.0\setup.cfg
creating '.tox\dist\sample-0.1.0.zip' and adding 'sample-0.1.0' to it
adding 'sample-0.1.0'
adding 'sample-0.1.0\app'
adding 'sample-0.1.0\operationss'
adding 'sample-0.1.0\sample.egg-info'
adding 'sample-0.1.0\PKG-INFO'
adding 'sample-0.1.0\README.md'
adding 'sample-0.1.0\setup.cfg'
adding 'sample-0.1.0\setup.py'
adding 'sample-0.1.0\app\api'
adding 'sample-0.1.0\app\db'
adding 'sample-0.1.0\app\libs'
adding 'sample-0.1.0\app\schemas'
adding 'sample-0.1.0\app\main.py'
adding 'sample-0.1.0\app\__init__.py'
adding 'sample-0.1.0\app\api\api_v1'
adding 'sample-0.1.0\app\api\security'
adding 'sample-0.1.0\app\api\deps.py'
adding 'sample-0.1.0\app\api\__init__.py'
adding 'sample-0.1.0\app\api\api_v1\endpoints'
adding 'sample-0.1.0\app\api\api_v1\api.py'
adding 'sample-0.1.0\app\api\api_v1\__init__.py'
adding 'sample-0.1.0\app\api\api_v1\endpoints\c3d_endpoints.py'
adding 'sample-0.1.0\app\api\api_v1\endpoints\deepsort_endpoints.py'
adding 'sample-0.1.0\app\api\api_v1\endpoints\denseNet_XGBoost_endpoint.py'
adding 'sample-0.1.0\app\api\api_v1\endpoints\rolling_average_endpoint.py'
adding 'sample-0.1.0\app\api\api_v1\endpoints\spatio_temporal_endpoint.py'
adding 'sample-0.1.0\app\api\api_v1\endpoints\two_stream_endpoints.py'
adding 'sample-0.1.0\app\api\api_v1\endpoints\yolov5_endpoints.py'
adding 'sample-0.1.0\app\api\api_v1\endpoints\__init__.py'
adding 'sample-0.1.0\app\api\security\management_endpoints.py'
adding 'sample-0.1.0\app\api\security\security_api_key.py'
adding 'sample-0.1.0\app\api\security\_security_secret.py'
adding 'sample-0.1.0\app\api\security\_sqlite_access.py'
adding 'sample-0.1.0\app\api\security\__init__.py'
adding 'sample-0.1.0\app\db\base.py'
adding 'sample-0.1.0\app\db\base_class.py'
adding 'sample-0.1.0\app\db\init_db.py'
adding 'sample-0.1.0\app\db\session.py'
adding 'sample-0.1.0\app\db\__init__.py'
adding 'sample-0.1.0\app\libs\action_localization'
adding 'sample-0.1.0\app\libs\detection_tracking'
adding 'sample-0.1.0\app\libs\utils'
adding 'sample-0.1.0\app\libs\__init__.py'
adding 'sample-0.1.0\app\libs\action_localization\spatio_temporal_pytorch'
adding 'sample-0.1.0\app\libs\action_localization\c3d.py'
adding 'sample-0.1.0\app\libs\action_localization\denseNet_XGBoost.py'
adding 'sample-0.1.0\app\libs\action_localization\rolling_average.py'
adding 'sample-0.1.0\app\libs\action_localization\two_stream.py'
adding 'sample-0.1.0\app\libs\action_localization\__init__.py'
adding 'sample-0.1.0\app\libs\action_localization\spatio_temporal_pytorch\spatio_temporal.py'
adding 'sample-0.1.0\app\libs\action_localization\spatio_temporal_pytorch\__init__.py'
adding 'sample-0.1.0\app\libs\detection_tracking\__init__.py'
adding 'sample-0.1.0\app\libs\utils\general.py'
adding 'sample-0.1.0\app\libs\utils\__init__.py'
adding 'sample-0.1.0\app\schemas\usage_logs.py'
adding 'sample-0.1.0\app\schemas\yolov5.py'
adding 'sample-0.1.0\app\schemas\__init__.py'
adding 'sample-0.1.0\operationss\operations.py'
adding 'sample-0.1.0\operationss\__init__.py'
adding 'sample-0.1.0\sample.egg-info\dependency_links.txt'
adding 'sample-0.1.0\sample.egg-info\PKG-INFO'
adding 'sample-0.1.0\sample.egg-info\SOURCES.txt'
adding 'sample-0.1.0\sample.egg-info\top_level.txt'
removing 'sample-0.1.0' (and everything under it)
